d:\temporary assignment processer\oop review\oop345\oop-workshops-main\ws02\part1\w2\w2\debug\vc142.pdb
d:\temporary assignment processer\oop review\oop345\oop-workshops-main\ws02\part1\w2\w2\debug\vc142.idb
d:\temporary assignment processer\oop review\oop345\oop-workshops-main\ws02\part1\w2\w2\debug\w2_p1.obj
d:\temporary assignment processer\oop review\oop345\oop-workshops-main\ws02\part1\w2\w2\debug\timedevents.obj
d:\temporary assignment processer\oop review\oop345\oop-workshops-main\ws02\part1\w2\w2\debug\stringset.obj
d:\temporary assignment processer\oop review\oop345\oop-workshops-main\ws02\part2\w2\w2\debug\vc142.pdb
d:\temporary assignment processer\oop review\oop345\oop-workshops-main\ws02\part2\w2\w2\debug\vc142.idb
d:\temporary assignment processer\oop review\oop345\oop-workshops-main\ws02\part2\w2\w2\debug\w2_p1.obj
d:\temporary assignment processer\oop review\oop345\oop-workshops-main\ws02\part2\w2\w2\debug\timedevents.obj
d:\temporary assignment processer\oop review\oop345\oop-workshops-main\ws02\part2\w2\w2\debug\stringset.obj
d:\temporary assignment processer\oop review\oop345\oop-workshops-main\ws02\part1\w2\debug\w2.exe
d:\temporary assignment processer\oop review\oop345\oop-workshops-main\ws02\part1\w2\debug\w2.ilk
d:\temporary assignment processer\oop review\oop345\oop-workshops-main\ws02\part1\w2\debug\w2.pdb
d:\temporary assignment processer\oop review\oop345\oop-workshops-main\ws02\part2\w2\debug\w2.exe
d:\temporary assignment processer\oop review\oop345\oop-workshops-main\ws02\part2\w2\debug\w2.ilk
d:\temporary assignment processer\oop review\oop345\oop-workshops-main\ws02\part2\w2\debug\w2.pdb
d:\temporary assignment processer\oop review\oop345\oop-workshops-main\ws02\part2\w2\w2\debug\stringset.obj.enc
d:\temporary assignment processer\oop review\oop345\oop-workshops-main\ws02\part2\w2\w2\debug\w2.tlog\cl.command.1.tlog
d:\temporary assignment processer\oop review\oop345\oop-workshops-main\ws02\part2\w2\w2\debug\w2.tlog\cl.read.1.tlog
d:\temporary assignment processer\oop review\oop345\oop-workshops-main\ws02\part2\w2\w2\debug\w2.tlog\cl.write.1.tlog
d:\temporary assignment processer\oop review\oop345\oop-workshops-main\ws02\part2\w2\w2\debug\w2.tlog\link.command.1.tlog
d:\temporary assignment processer\oop review\oop345\oop-workshops-main\ws02\part2\w2\w2\debug\w2.tlog\link.read.1.tlog
d:\temporary assignment processer\oop review\oop345\oop-workshops-main\ws02\part2\w2\w2\debug\w2.tlog\link.write.1.tlog
